# JRE version: Java(TM) SE Runtime Environment (8.0_181-b13) (build 1.8.0_181-b13)
# Java VM: Java HotSpot(TM) 64-Bit Server VM (25.181-b13 mixed mode windows-amd64 compressed oops)
Heap:
 PSYoungGen      total 433664K, used 420334K [0x00000000d5d80000, 0x00000000fad80000, 0x0000000100000000)
  eden space 411648K, 100% used [0x00000000d5d80000,0x00000000eef80000,0x00000000eef80000)
  from space 22016K, 39% used [0x00000000eef80000,0x00000000ef7fbb70,0x00000000f0500000)
  to   space 20992K, 1% used [0x00000000f9900000,0x00000000f9968000,0x00000000fad80000)
 ParOldGen       total 75264K, used 40329K [0x0000000081800000, 0x0000000086180000, 0x00000000d5d80000)
  object space 75264K, 53% used [0x0000000081800000,0x0000000083f626b0,0x0000000086180000)
 Metaspace       used 51586K, capacity 54332K, committed 54576K, reserved 1095680K
  class space    used 6951K, capacity 7465K, committed 7472K, reserved 1048576K
GC Heap History (10 events):
Event: 344.250 GC heap after
Heap after GC invocations=11 (full 2):
 PSYoungGen      total 424960K, used 16876K [0x00000000d5d80000, 0x00000000f1d00000, 0x0000000100000000)
  eden space 408064K, 0% used [0x00000000d5d80000,0x00000000d5d80000,0x00000000eec00000)
  from space 16896K, 99% used [0x00000000f0500000,0x00000000f157b3f0,0x00000000f1580000)
  to   space 7680K, 0% used [0x00000000f1580000,0x00000000f1580000,0x00000000f1d00000)
 ParOldGen       total 75264K, used 21023K [0x0000000081800000, 0x0000000086180000, 0x00000000d5d80000)
  object space 75264K, 27% used [0x0000000081800000,0x0000000082c87db0,0x0000000086180000)
 Metaspace       used 50344K, capacity 52676K, committed 52784K, reserved 1095680K
  class space    used 6784K, capacity 7194K, committed 7216K, reserved 1048576K
}
Event: 344.250 GC heap before
{Heap before GC invocations=12 (full 3):
 PSYoungGen      total 424960K, used 16876K [0x00000000d5d80000, 0x00000000f1d00000, 0x0000000100000000)
  eden space 408064K, 0% used [0x00000000d5d80000,0x00000000d5d80000,0x00000000eec00000)
  from space 16896K, 99% used [0x00000000f0500000,0x00000000f157b3f0,0x00000000f1580000)
  to   space 7680K, 0% used [0x00000000f1580000,0x00000000f1580000,0x00000000f1d00000)
 ParOldGen       total 75264K, used 21023K [0x0000000081800000, 0x0000000086180000, 0x00000000d5d80000)
  object space 75264K, 27% used [0x0000000081800000,0x0000000082c87db0,0x0000000086180000)
 Metaspace       used 50344K, capacity 52676K, committed 52784K, reserved 1095680K
  class space    used 6784K, capacity 7194K, committed 7216K, reserved 1048576K
Event: 344.490 GC heap after
Heap after GC invocations=12 (full 3):
 PSYoungGen      total 424960K, used 0K [0x00000000d5d80000, 0x00000000f1d00000, 0x0000000100000000)
  eden space 408064K, 0% used [0x00000000d5d80000,0x00000000d5d80000,0x00000000eec00000)
  from space 16896K, 0% used [0x00000000f0500000,0x00000000f0500000,0x00000000f1580000)
  to   space 7680K, 0% used [0x00000000f1580000,0x00000000f1580000,0x00000000f1d00000)
 ParOldGen       total 75264K, used 34226K [0x0000000081800000, 0x0000000086180000, 0x00000000d5d80000)
  object space 75264K, 45% used [0x0000000081800000,0x000000008396cad8,0x0000000086180000)
 Metaspace       used 50344K, capacity 52676K, committed 52784K, reserved 1095680K
  class space    used 6784K, capacity 7194K, committed 7216K, reserved 1048576K
}
Event: 395.869 GC heap before
{Heap before GC invocations=13 (full 3):
 PSYoungGen      total 424960K, used 205036K [0x00000000d5d80000, 0x00000000f1d00000, 0x0000000100000000)
  eden space 408064K, 50% used [0x00000000d5d80000,0x00000000e25bb368,0x00000000eec00000)
  from space 16896K, 0% used [0x00000000f0500000,0x00000000f0500000,0x00000000f1580000)
  to   space 7680K, 0% used [0x00000000f1580000,0x00000000f1580000,0x00000000f1d00000)
 ParOldGen       total 75264K, used 34226K [0x0000000081800000, 0x0000000086180000, 0x00000000d5d80000)
  object space 75264K, 45% used [0x0000000081800000,0x000000008396cad8,0x0000000086180000)
 Metaspace       used 50659K, capacity 53092K, committed 53424K, reserved 1095680K
  class space    used 6824K, capacity 7263K, committed 7344K, reserved 1048576K
Event: 395.917 GC heap after
Heap after GC invocations=13 (full 3):
 PSYoungGen      total 413184K, used 5102K [0x00000000d5d80000, 0x00000000f1a80000, 0x0000000100000000)
  eden space 408064K, 0% used [0x00000000d5d80000,0x00000000d5d80000,0x00000000eec00000)
  from space 5120K, 99% used [0x00000000f1580000,0x00000000f1a7ba20,0x00000000f1a80000)
  to   space 22016K, 0% used [0x00000000eef80000,0x00000000eef80000,0x00000000f0500000)
 ParOldGen       total 75264K, used 34234K [0x0000000081800000, 0x0000000086180000, 0x00000000d5d80000)
  object space 75264K, 45% used [0x0000000081800000,0x000000008396ead8,0x0000000086180000)
 Metaspace       used 50659K, capacity 53092K, committed 53424K, reserved 1095680K
  class space    used 6824K, capacity 7263K, committed 7344K, reserved 1048576K
}
Event: 395.917 GC heap before
{Heap before GC invocations=14 (full 4):
 PSYoungGen      total 413184K, used 5102K [0x00000000d5d80000, 0x00000000f1a80000, 0x0000000100000000)
  eden space 408064K, 0% used [0x00000000d5d80000,0x00000000d5d80000,0x00000000eec00000)
  from space 5120K, 99% used [0x00000000f1580000,0x00000000f1a7ba20,0x00000000f1a80000)
  to   space 22016K, 0% used [0x00000000eef80000,0x00000000eef80000,0x00000000f0500000)
 ParOldGen       total 75264K, used 34234K [0x0000000081800000, 0x0000000086180000, 0x00000000d5d80000)
  object space 75264K, 45% used [0x0000000081800000,0x000000008396ead8,0x0000000086180000)
 Metaspace       used 50659K, capacity 53092K, committed 53424K, reserved 1095680K
  class space    used 6824K, capacity 7263K, committed 7344K, reserved 1048576K
Event: 396.326 GC heap after
Heap after GC invocations=14 (full 4):
 PSYoungGen      total 413184K, used 0K [0x00000000d5d80000, 0x00000000f1a80000, 0x0000000100000000)
  eden space 408064K, 0% used [0x00000000d5d80000,0x00000000d5d80000,0x00000000eec00000)
  from space 5120K, 0% used [0x00000000f1580000,0x00000000f1580000,0x00000000f1a80000)
  to   space 22016K, 0% used [0x00000000eef80000,0x00000000eef80000,0x00000000f0500000)
 ParOldGen       total 75264K, used 33879K [0x0000000081800000, 0x0000000086180000, 0x00000000d5d80000)
  object space 75264K, 45% used [0x0000000081800000,0x0000000083915d30,0x0000000086180000)
 Metaspace       used 50659K, capacity 53092K, committed 53424K, reserved 1095680K
  class space    used 6824K, capacity 7263K, committed 7344K, reserved 1048576K
}
Event: 957.192 GC heap before
{Heap before GC invocations=15 (full 4):
 PSYoungGen      total 413184K, used 408064K [0x00000000d5d80000, 0x00000000f1a80000, 0x0000000100000000)
  eden space 408064K, 100% used [0x00000000d5d80000,0x00000000eec00000,0x00000000eec00000)
  from space 5120K, 0% used [0x00000000f1580000,0x00000000f1580000,0x00000000f1a80000)
  to   space 22016K, 0% used [0x00000000eef80000,0x00000000eef80000,0x00000000f0500000)
 ParOldGen       total 75264K, used 33879K [0x0000000081800000, 0x0000000086180000, 0x00000000d5d80000)
  object space 75264K, 45% used [0x0000000081800000,0x0000000083915d30,0x0000000086180000)
 Metaspace       used 51255K, capacity 53848K, committed 54064K, reserved 1095680K
  class space    used 6909K, capacity 7409K, committed 7472K, reserved 1048576K
Event: 957.217 GC heap after
Heap after GC invocations=15 (full 4):
 PSYoungGen      total 433664K, used 8686K [0x00000000d5d80000, 0x00000000fad80000, 0x0000000100000000)
  eden space 411648K, 0% used [0x00000000d5d80000,0x00000000d5d80000,0x00000000eef80000)
  from space 22016K, 39% used [0x00000000eef80000,0x00000000ef7fbb70,0x00000000f0500000)
  to   space 20992K, 0% used [0x00000000f9900000,0x00000000f9900000,0x00000000fad80000)
 ParOldGen       total 75264K, used 33887K [0x0000000081800000, 0x0000000086180000, 0x00000000d5d80000)
  object space 75264K, 45% used [0x0000000081800000,0x0000000083917d30,0x0000000086180000)
 Metaspace       used 51255K, capacity 53848K, committed 54064K, reserved 1095680K
  class space    used 6909K, capacity 7409K, committed 7472K, reserved 1048576K
}
Event: 1755.183 GC heap before
{Heap before GC invocations=16 (full 4):
 PSYoungGen      total 433664K, used 420334K [0x00000000d5d80000, 0x00000000fad80000, 0x0000000100000000)
  eden space 411648K, 100% used [0x00000000d5d80000,0x00000000eef80000,0x00000000eef80000)
  from space 22016K, 39% used [0x00000000eef80000,0x00000000ef7fbb70,0x00000000f0500000)
  to   space 20992K, 0% used [0x00000000f9900000,0x00000000f9900000,0x00000000fad80000)
 ParOldGen       total 75264K, used 33887K [0x0000000081800000, 0x0000000086180000, 0x00000000d5d80000)
  object space 75264K, 45% used [0x0000000081800000,0x0000000083917d30,0x0000000086180000)
 Metaspace       used 51586K, capacity 54332K, committed 54576K, reserved 1095680K
  class space    used 6951K, capacity 7465K, committed 7472K, reserved 1048576K

